#
# There is insufficient memory for the Java Runtime Environment to continue.
# Native memory allocation (malloc) failed to allocate 1659056 bytes for Chunk::new
# Possible reasons:
#   The system is out of physical RAM or swap space
#   In 32 bit mode, the process size limit was hit
# Possible solutions:
#   Reduce memory load on the system
#   Increase physical memory or swap space
#   Check if swap backing store is full
#   Use 64 bit Java on a 64 bit OS
#   Decrease Java heap size (-Xmx/-Xms)
#   Decrease number of Java threads
#   Decrease Java thread stack sizes (-Xss)
#   Set larger code cache with -XX:ReservedCodeCacheSize=
# This output file may be truncated or incomplete.
#
#  Out of Memory Error (allocation.cpp:390), pid=9152, tid=3060
#
# JRE version: Java(TM) SE Runtime Environment (8.0_25-b18) (build 1.8.0_25-b18)
# Java VM: Java HotSpot(TM) 64-Bit Server VM (25.25-b02 mixed mode windows-amd64 compressed oops)
# Failed to write core dump. Minidumps are not enabled by default on client versions of Windows
#

---------------  T H R E A D  ---------------

Current thread (0x0000000005a8b000):  JavaThread "C2 CompilerThread1" daemon [_thread_in_native, id=3060, stack(0x0000000007490000,0x0000000007590000)]

Stack: [0x0000000007490000,0x0000000007590000]
Native frames: (J=compiled Java code, j=interpreted, Vv=VM code, C=native code)
V  [jvm.dll+0x31667a]
V  [jvm.dll+0x267073]
V  [jvm.dll+0x267cb3]
V  [jvm.dll+0x25f5b5]
V  [jvm.dll+0xbf165]
V  [jvm.dll+0xbf60c]
V  [jvm.dll+0x45d672]
V  [jvm.dll+0x49e8ef]
V  [jvm.dll+0x452668]
V  [jvm.dll+0x453864]
V  [jvm.dll+0x437372]
V  [jvm.dll+0x98a02]
V  [jvm.dll+0x991f3]
V  [jvm.dll+0x22bde4]
V  [jvm.dll+0x2852fa]
C  [msvcr100.dll+0x21d9f]
C  [msvcr100.dll+0x21e3b]
C  [KERNEL32.DLL+0x15dd]
C  [ntdll.dll+0x764ad]


Current CompileTask:
C2:   3845 1443   !   4       com.android.dx.cf.code.BytecodeArray::parseInstruction (2764 bytes)


---------------  P R O C E S S  ---------------

Java Threads: ( => current thread )
  0x000000000710a000 JavaThread "Service Thread" daemon [_thread_blocked, id=5628, stack(0x0000000007690000,0x0000000007790000)]
  0x000000000709b800 JavaThread "C1 CompilerThread2" daemon [_thread_in_native, id=4212, stack(0x0000000007590000,0x0000000007690000)]
=>0x0000000005a8b000 JavaThread "C2 CompilerThread1" daemon [_thread_in_native, id=3060, stack(0x0000000007490000,0x0000000007590000)]
  0x0000000005a89800 JavaThread "C2 CompilerThread0" daemon [_thread_in_native, id=7772, stack(0x0000000006f90000,0x0000000007090000)]
  0x0000000005a3d000 JavaThread "Attach Listener" daemon [_thread_blocked, id=8632, stack(0x0000000006e90000,0x0000000006f90000)]
  0x0000000005a3c000 JavaThread "Signal Dispatcher" daemon [_thread_blocked, id=9160, stack(0x0000000006d90000,0x0000000006e90000)]
  0x0000000002353800 JavaThread "Finalizer" daemon [_thread_blocked, id=8464, stack(0x0000000006c90000,0x0000000006d90000)]
  0x000000000234a800 JavaThread "Reference Handler" daemon [_thread_blocked, id=8276, stack(0x0000000006b90000,0x0000000006c90000)]
  0x0000000002260800 JavaThread "main" [_thread_in_Java, id=7224, stack(0x0000000002160000,0x0000000002260000)]

Other Threads:
  0x00000000059f5800 VMThread [stack: 0x0000000006a90000,0x0000000006b90000] [id=9164]
  0x000000000712e000 WatcherThread [stack: 0x0000000007790000,0x0000000007890000] [id=8584]

VM state:not at safepoint (normal execution)

VM Mutex/Monitor currently owned by a thread: None

Heap:
 PSYoungGen      total 28160K, used 24022K [0x00000000eab00000, 0x00000000ee200000, 0x0000000100000000)
  eden space 24576K, 83% used [0x00000000eab00000,0x00000000ebef5db0,0x00000000ec300000)
  from space 3584K, 99% used [0x00000000ec680000,0x00000000ec9ffca8,0x00000000eca00000)
  to   space 3584K, 0% used [0x00000000ec300000,0x00000000ec300000,0x00000000ec680000)
 ParOldGen       total 64512K, used 5569K [0x00000000c0000000, 0x00000000c3f00000, 0x00000000eab00000)
  object space 64512K, 8% used [0x00000000c0000000,0x00000000c05705a8,0x00000000c3f00000)
 Metaspace       used 5927K, capacity 7088K, committed 7296K, reserved 1056768K
  class space    used 560K, capacity 616K, committed 640K, reserved 1048576K

Card table byte_map: [0x0000000002720000,0x0000000002930000] byte_map_base: 0x0000000002120000

Marking Bits: (ParMarkBitMap*) 0x000000006849d490
 Begin Bits: [0x0000000002e90000, 0x0000000003e90000)
 End Bits:   [0x0000000003e90000, 0x0000000004e90000)

Polling page: 0x00000000004b0000

CodeCache: size=245760Kb used=6498Kb max_used=6498Kb free=239261Kb
 bounds [0x000000000f010000, 0x000000000f670000, 0x000000001e010000]
 total_blobs=1834 nmethods=1572 adapters=176
 compilation: enabled

Compilation events (10 events):
Event: 3.578 Thread 0x000000000709b800 1547       3       java.util.ArrayDeque::add (7 bytes)
Event: 3.578 Thread 0x000000000709b800 nmethod 1547 0x000000000f649050 code [0x000000000f6491c0, 0x000000000f649368]
Event: 3.578 Thread 0x000000000709b800 1548       3       java.util.ArrayDeque::addLast (53 bytes)
Event: 3.578 Thread 0x000000000709b800 nmethod 1548 0x000000000f649410 code [0x000000000f6495a0, 0x000000000f649998]
Event: 3.579 Thread 0x000000000709b800 1549   !   3       java.util.zip.ZipFile::releaseInflater (41 bytes)
Event: 3.580 Thread 0x000000000709b800 nmethod 1549 0x000000000f649b10 code [0x000000000f649cc0, 0x000000000f64a3d8]
Event: 3.585 Thread 0x000000000709b800 1550       3       com.android.dx.rop.cst.CstLiteral64::hashCode (15 bytes)
Event: 3.586 Thread 0x000000000709b800 nmethod 1550 0x000000000f61b650 code [0x000000000f61b7a0, 0x000000000f61b910]
Event: 3.592 Thread 0x000000000709b800 1551       3       com.android.dx.ssa.NormalSsaInsn::isMoveException (20 bytes)
Event: 3.593 Thread 0x000000000709b800 nmethod 1551 0x000000000f64a6d0 code [0x000000000f64a840, 0x000000000f64ab30]

GC Heap History (4 events):
Event: 3.047 GC heap before
{Heap before GC invocations=1 (full 0):
 PSYoungGen      total 28160K, used 24576K [0x00000000eab00000, 0x00000000eca00000, 0x0000000100000000)
  eden space 24576K, 100% used [0x00000000eab00000,0x00000000ec300000,0x00000000ec300000)
  from space 3584K, 0% used [0x00000000ec680000,0x00000000ec680000,0x00000000eca00000)
  to   space 3584K, 0% used [0x00000000ec300000,0x00000000ec300000,0x00000000ec680000)
 ParOldGen       total 64512K, used 0K [0x00000000c0000000, 0x00000000c3f00000, 0x00000000eab00000)
  object space 64512K, 0% used [0x00000000c0000000,0x00000000c0000000,0x00000000c3f00000)
 Metaspace       used 5773K, capacity 6960K, committed 7040K, reserved 1056768K
  class space    used 558K, capacity 616K, committed 640K, reserved 1048576K
Event: 3.059 GC heap after
Heap after GC invocations=1 (full 0):
 PSYoungGen      total 28160K, used 3583K [0x00000000eab00000, 0x00000000eca00000, 0x0000000100000000)
  eden space 24576K, 0% used [0x00000000eab00000,0x00000000eab00000,0x00000000ec300000)
  from space 3584K, 99% used [0x00000000ec300000,0x00000000ec67fc98,0x00000000ec680000)
  to   space 3584K, 0% used [0x00000000ec680000,0x00000000ec680000,0x00000000eca00000)
 ParOldGen       total 64512K, used 1983K [0x00000000c0000000, 0x00000000c3f00000, 0x00000000eab00000)
  object space 64512K, 3% used [0x00000000c0000000,0x00000000c01effe8,0x00000000c3f00000)
 Metaspace       used 5773K, capacity 6960K, committed 7040K, reserved 1056768K
  class space    used 558K, capacity 616K, committed 640K, reserved 1048576K
}
Event: 3.507 GC heap before
{Heap before GC invocations=2 (full 0):
 PSYoungGen      total 28160K, used 28159K [0x00000000eab00000, 0x00000000eca00000, 0x0000000100000000)
  eden space 24576K, 100% used [0x00000000eab00000,0x00000000ec300000,0x00000000ec300000)
  from space 3584K, 99% used [0x00000000ec300000,0x00000000ec67fc98,0x00000000ec680000)
  to   space 3584K, 0% used [0x00000000ec680000,0x00000000ec680000,0x00000000eca00000)
 ParOldGen       total 64512K, used 1983K [0x00000000c0000000, 0x00000000c3f00000, 0x00000000eab00000)
  object space 64512K, 3% used [0x00000000c0000000,0x00000000c01effe8,0x00000000c3f00000)
 Metaspace       used 5899K, capacity 7088K, committed 7296K, reserved 1056768K
  class space    used 560K, capacity 616K, committed 640K, reserved 1048576K
Event: 3.519 GC heap after
Heap after GC invocations=2 (full 0):
 PSYoungGen      total 28160K, used 3583K [0x00000000eab00000, 0x00000000ee200000, 0x0000000100000000)
  eden space 24576K, 0% used [0x00000000eab00000,0x00000000eab00000,0x00000000ec300000)
  from space 3584K, 99% used [0x00000000ec680000,0x00000000ec9ffca8,0x00000000eca00000)
  to   space 3584K, 0% used [0x00000000ec300000,0x00000000ec300000,0x00000000ec680000)
 ParOldGen       total 64512K, used 5569K [0x00000000c0000000, 0x00000000c3f00000, 0x00000000eab00000)
  object space 64512K, 8% used [0x00000000c0000000,0x00000000c05705a8,0x00000000c3f00000)
 Metaspace       used 5899K, capacity 7088K, committed 7296K, reserved 1056768K
  class space    used 560K, capacity 616K, committed 640K, reserved 1048576K
}

Deoptimization events (5 events):
Event: 2.797 Thread 0x0000000002260800 Uncommon trap: reason=class_check action=maybe_recompile pc=0x000000000f27a5d8 method=com.android.dx.rop.type.Type.equals(Ljava/lang/Object;)Z @ 8
Event: 2.797 Thread 0x0000000002260800 Uncommon trap: reason=class_check action=maybe_recompile pc=0x000000000f27a5d8 method=com.android.dx.rop.type.Type.equals(Ljava/lang/Object;)Z @ 8
Event: 2.800 Thread 0x0000000002260800 Uncommon trap: reason=class_check action=maybe_recompile pc=0x000000000f27a5d8 method=com.android.dx.rop.type.Type.equals(Ljava/lang/Object;)Z @ 8
Event: 2.800 Thread 0x0000000002260800 Uncommon trap: reason=class_check action=maybe_recompile pc=0x000000000f27a5d8 method=com.android.dx.rop.type.Type.equals(Ljava/lang/Object;)Z @ 8
Event: 3.425 Thread 0x0000000002260800 Uncommon trap: reason=unreached action=reinterpret pc=0x000000000f388f1c method=com.android.dx.rop.cst.Constant.compareTo(Lcom/android/dx/rop/cst/Constant;)I @ 12

Internal exceptions (10 events):
Event: 2.290 Thread 0x0000000002260800 Exception <a 'java/security/PrivilegedActionException'> (0x00000000eb8b7768) thrown at [D:\re\workspace\8-2-build-windows-amd64-cygwin\jdk8u25\1677\hotspot\src\share\vm\prims\jvm.cpp, line 1312]
Event: 2.291 Thread 0x0000000002260800 Exception <a 'java/security/PrivilegedActionException'> (0x00000000eb8bccc0) thrown at [D:\re\workspace\8-2-build-windows-amd64-cygwin\jdk8u25\1677\hotspot\src\share\vm\prims\jvm.cpp, line 1312]
Event: 2.299 Thread 0x0000000002260800 Exception <a 'java/security/PrivilegedActionException'> (0x00000000eb8f7988) thrown at [D:\re\workspace\8-2-build-windows-amd64-cygwin\jdk8u25\1677\hotspot\src\share\vm\prims\jvm.cpp, line 1312]
Event: 2.355 Thread 0x0000000002260800 Exception <a 'java/security/PrivilegedActionException'> (0x00000000eba37588) thrown at [D:\re\workspace\8-2-build-windows-amd64-cygwin\jdk8u25\1677\hotspot\src\share\vm\prims\jvm.cpp, line 1312]
Event: 2.506 Thread 0x0000000002260800 Exception <a 'java/security/PrivilegedActionException'> (0x00000000ebbe3d58) thrown at [D:\re\workspace\8-2-build-windows-amd64-cygwin\jdk8u25\1677\hotspot\src\share\vm\prims\jvm.cpp, line 1312]
Event: 2.513 Thread 0x0000000002260800 Exception <a 'java/security/PrivilegedActionException'> (0x00000000ebc24d70) thrown at [D:\re\workspace\8-2-build-windows-amd64-cygwin\jdk8u25\1677\hotspot\src\share\vm\prims\jvm.cpp, line 1312]
Event: 2.514 Thread 0x0000000002260800 Exception <a 'java/security/PrivilegedActionException'> (0x00000000ebc278b8) thrown at [D:\re\workspace\8-2-build-windows-amd64-cygwin\jdk8u25\1677\hotspot\src\share\vm\prims\jvm.cpp, line 1312]
Event: 2.544 Thread 0x0000000002260800 Exception <a 'java/security/PrivilegedActionException'> (0x00000000ebd55450) thrown at [D:\re\workspace\8-2-build-windows-amd64-cygwin\jdk8u25\1677\hotspot\src\share\vm\prims\jvm.cpp, line 1312]
Event: 2.987 Thread 0x0000000002260800 Exception <a 'java/security/PrivilegedActionException'> (0x00000000ec1dfa50) thrown at [D:\re\workspace\8-2-build-windows-amd64-cygwin\jdk8u25\1677\hotspot\src\share\vm\prims\jvm.cpp, line 1312]
Event: 3.147 Thread 0x0000000002260800 Exception <a 'java/security/PrivilegedActionException'> (0x00000000eaf3de68) thrown at [D:\re\workspace\8-2-build-windows-amd64-cygwin\jdk8u25\1677\hotspot\src\share\vm\prims\jvm.cpp, line 1312]

Events (10 events):
Event: 3.059 Executing VM operation: ParallelGCFailedAllocation done
Event: 3.059 loading class sun/misc/Cleaner
Event: 3.059 loading class sun/misc/Cleaner done
Event: 3.146 loading class com/android/dx/cf/attrib/AttExceptions
Event: 3.146 loading class com/android/dx/cf/attrib/AttExceptions done
Event: 3.425 Thread 0x0000000002260800 Uncommon trap: trap_request=0xffffffad fr.pc=0x000000000f388f1c
Event: 3.425 Thread 0x0000000002260800 DEOPT PACKING pc=0x000000000f388f1c sp=0x000000000225e500
Event: 3.425 Thread 0x0000000002260800 DEOPT UNPACKING pc=0x000000000f05556a sp=0x000000000225e4a0 mode 2
Event: 3.506 Executing VM operation: ParallelGCFailedAllocation
Event: 3.519 Executing VM operation: ParallelGCFailedAllocation done


Dynamic libraries:
0x00007ff79f210000 - 0x00007ff79f244000 	D:\Programming\JAVA\jdk\bin\java.exe
0x00007ffa7a150000 - 0x00007ffa7a2f9000 	C:\Windows\SYSTEM32\ntdll.dll
0x00007ffa78650000 - 0x00007ffa78789000 	C:\Windows\system32\KERNEL32.DLL
0x00007ffa77820000 - 0x00007ffa7792e000 	C:\Windows\system32\KERNELBASE.dll
0x00007ffa78790000 - 0x00007ffa78835000 	C:\Windows\system32\ADVAPI32.dll
0x00007ffa78090000 - 0x00007ffa78201000 	C:\Windows\system32\USER32.dll
0x00007ffa75690000 - 0x00007ffa758ea000 	C:\Windows\WinSxS\amd64_microsoft.windows.common-controls_6595b64144ccf1df_6.0.9600.16384_none_62475f7becb72503\COMCTL32.dll
0x00007ffa79eb0000 - 0x00007ffa79f57000 	C:\Windows\system32\msvcrt.dll
0x00007ffa78030000 - 0x00007ffa78087000 	C:\Windows\SYSTEM32\sechost.dll
0x00007ffa79d70000 - 0x00007ffa79ea6000 	C:\Windows\system32\RPCRT4.dll
0x00007ffa77cf0000 - 0x00007ffa77e35000 	C:\Windows\system32\GDI32.dll
0x00007ffa77ca0000 - 0x00007ffa77cd4000 	C:\Windows\system32\IMM32.DLL
0x00007ffa7a000000 - 0x00007ffa7a139000 	C:\Windows\system32\MSCTF.dll
0x00007ffa77490000 - 0x00007ffa774bf000 	C:\Windows\system32\nvinitx.dll
0x000000000f000000 - 0x000000000f006000 	C:\Program Files\NVIDIA Corporation\CoProcManager\_etoured.dll
0x00007ffa755a0000 - 0x00007ffa755d3000 	C:\Program Files\NVIDIA Corporation\CoProcManager\nvd3d9wrapx.dll
0x00007ffa77ac0000 - 0x00007ffa77c96000 	C:\Windows\system32\SETUPAPI.dll
0x00007ffa777d0000 - 0x00007ffa7781a000 	C:\Windows\system32\CFGMGR32.dll
0x00007ffa75530000 - 0x00007ffa75553000 	C:\Program Files\NVIDIA Corporation\CoProcManager\nvdxgiwrapx.dll
0x0000000067760000 - 0x0000000067832000 	D:\Programming\JAVA\jdk\jre\bin\msvcr100.dll
0x0000000067cc0000 - 0x000000006851a000 	D:\Programming\JAVA\jdk\jre\bin\server\jvm.dll
0x00007ffa6fad0000 - 0x00007ffa6fad9000 	C:\Windows\SYSTEM32\WSOCK32.dll
0x00007ffa75030000 - 0x00007ffa7504f000 	C:\Windows\SYSTEM32\WINMM.dll
0x00007ffa788a0000 - 0x00007ffa788a7000 	C:\Windows\system32\PSAPI.DLL
0x00007ffa78840000 - 0x00007ffa78898000 	C:\Windows\system32\WS2_32.dll
0x00007ffa74b50000 - 0x00007ffa74b7a000 	C:\Windows\SYSTEM32\WINMMBASE.dll
0x00007ffa77ce0000 - 0x00007ffa77ce9000 	C:\Windows\system32\NSI.dll
0x00007ffa76330000 - 0x00007ffa76356000 	C:\Windows\SYSTEM32\DEVOBJ.dll
0x0000000067bd0000 - 0x0000000067bdf000 	D:\Programming\JAVA\jdk\jre\bin\verify.dll
0x0000000067ba0000 - 0x0000000067bc8000 	D:\Programming\JAVA\jdk\jre\bin\java.dll
0x0000000067b80000 - 0x0000000067b96000 	D:\Programming\JAVA\jdk\jre\bin\zip.dll
0x00007ffa788b0000 - 0x00007ffa79cbd000 	C:\Windows\system32\SHELL32.dll
0x00007ffa77e50000 - 0x00007ffa78027000 	C:\Windows\SYSTEM32\combase.dll
0x00007ffa78210000 - 0x00007ffa78261000 	C:\Windows\system32\SHLWAPI.dll
0x00007ffa76090000 - 0x00007ffa76131000 	C:\Windows\SYSTEM32\SHCORE.dll
0x00007ffa774d0000 - 0x00007ffa774e4000 	C:\Windows\SYSTEM32\profapi.dll
0x00007ffa708a0000 - 0x00007ffa70a28000 	C:\Windows\SYSTEM32\dbghelp.dll

VM Arguments:
jvm_args: -Xmx1024M -Dfile.encoding=GBK -Duser.country=CN -Duser.language=zh -Duser.variant 
java_command: com.android.dx.command.Main --dex --output E:\MyAndroid\RssReader\app\build\intermediates\pre-dexed\debug\internal_impl-22.1.1-e2a88c3d65c99d87a69bc9d9fdf96a3731232b95.jar E:\MyAndroid\RssReader\app\build\intermediates\exploded-aar\com.android.support\support-v4\22.1.1\jars\libs\internal_impl-22.1.1.jar
java_class_path (initial): D:\Programming\Android\android-sdk_r24.0.2-windows\android-sdk-windows\build-tools\22.0.1\lib\dx.jar
Launcher Type: SUN_STANDARD

Environment Variables:
JAVA_HOME=D:\Programming\JAVA\jdk
CLASSPATH=.;D:\Programming\JAVA\jdk\lib\dt.jar;D:\Programming\JAVA\jdk\lib\tools.jar
PATH=D:\Programming\JAVA\jdk\bin;C:\Windows/system32;C:\Windows;C:\Windows/System32/Wbem;D:\Programming\SVN\Subversion\bin;D:\Programming\SVN\TortoiseSVN\bin;C:\Windows\system32;C:\Windows\system32\wbem;C:\Ruby22-x64\bin
USERNAME=xwh
OS=Windows_NT
PROCESSOR_IDENTIFIER=Intel64 Family 6 Model 58 Stepping 9, GenuineIntel



---------------  S Y S T E M  ---------------

OS: Windows 8.1 , 64 bit Build 9600 

CPU:total 4 (2 cores per cpu, 2 threads per core) family 6 model 58 stepping 9, cmov, cx8, fxsr, mmx, sse, sse2, sse3, ssse3, sse4.1, sse4.2, popcnt, avx, aes, clmul, erms, ht, tsc, tscinvbit, tscinv

Memory: 4k page, physical 6151556k(927996k free), swap 6151556k(5108k free)

vm_info: Java HotSpot(TM) 64-Bit Server VM (25.25-b02) for windows-amd64 JRE (1.8.0_25-b18), built on Oct  7 2014 14:25:37 by "java_re" with MS VC++ 10.0 (VS2010)

time: Wed May 27 20:19:18 2015
elapsed time: 3 seconds (0d 0h 0m 3s)

