#
# There is insufficient memory for the Java Runtime Environment to continue.
# Native memory allocation (malloc) failed to allocate 67108880 bytes for Chunk::new
# Possible reasons:
#   The system is out of physical RAM or swap space
#   In 32 bit mode, the process size limit was hit
# Possible solutions:
#   Reduce memory load on the system
#   Increase physical memory or swap space
#   Check if swap backing store is full
#   Use 64 bit Java on a 64 bit OS
#   Decrease Java heap size (-Xmx/-Xms)
#   Decrease number of Java threads
#   Decrease Java thread stack sizes (-Xss)
#   Set larger code cache with -XX:ReservedCodeCacheSize=
# This output file may be truncated or incomplete.
#
#  Out of Memory Error (allocation.cpp:390), pid=5904, tid=6012
#
# JRE version: Java(TM) SE Runtime Environment (8.0_25-b18) (build 1.8.0_25-b18)
# Java VM: Java HotSpot(TM) 64-Bit Server VM (25.25-b02 mixed mode windows-amd64 compressed oops)
# Failed to write core dump. Minidumps are not enabled by default on client versions of Windows
#

---------------  T H R E A D  ---------------

Current thread (0x0000000007dcb800):  JavaThread "C2 CompilerThread1" daemon [_thread_in_native, id=6012, stack(0x0000000008180000,0x0000000008280000)]

Stack: [0x0000000008180000,0x0000000008280000]
Native frames: (J=compiled Java code, j=interpreted, Vv=VM code, C=native code)
V  [jvm.dll+0x31667a]
V  [jvm.dll+0x267073]
V  [jvm.dll+0x267cb3]
V  [jvm.dll+0x25f5b5]
V  [jvm.dll+0xbf165]
V  [jvm.dll+0xbf60c]
V  [jvm.dll+0x40c68]
V  [jvm.dll+0x45f0b0]
V  [jvm.dll+0x45f36a]
V  [jvm.dll+0x46024f]
V  [jvm.dll+0x462311]
V  [jvm.dll+0x464745]
V  [jvm.dll+0x4650cc]
V  [jvm.dll+0x465413]
V  [jvm.dll+0x4522c3]
V  [jvm.dll+0x453864]
V  [jvm.dll+0x437372]
V  [jvm.dll+0x98a02]
V  [jvm.dll+0x991f3]
V  [jvm.dll+0x22bde4]
V  [jvm.dll+0x2852fa]
C  [msvcr100.dll+0x21d9f]
C  [msvcr100.dll+0x21e3b]
C  [KERNEL32.DLL+0x15dd]
C  [ntdll.dll+0x764ad]


Current CompileTask:
C2:  12675 1827   !   4       com.android.dx.cf.code.Ropper::processBlock (1101 bytes)


---------------  P R O C E S S  ---------------

Java Threads: ( => current thread )
  0x0000000007dd5800 JavaThread "Service Thread" daemon [_thread_blocked, id=4996, stack(0x0000000008380000,0x0000000008480000)]
  0x0000000007dd0000 JavaThread "C1 CompilerThread2" daemon [_thread_blocked, id=8268, stack(0x0000000008280000,0x0000000008380000)]
=>0x0000000007dcb800 JavaThread "C2 CompilerThread1" daemon [_thread_in_native, id=6012, stack(0x0000000008180000,0x0000000008280000)]
  0x0000000006778800 JavaThread "C2 CompilerThread0" daemon [_thread_blocked, id=9728, stack(0x0000000007c80000,0x0000000007d80000)]
  0x000000000672c000 JavaThread "Attach Listener" daemon [_thread_blocked, id=1208, stack(0x0000000007b80000,0x0000000007c80000)]
  0x0000000003044000 JavaThread "Finalizer" daemon [_thread_blocked, id=4048, stack(0x0000000007980000,0x0000000007a80000)]
  0x000000000303a000 JavaThread "Reference Handler" daemon [_thread_blocked, id=6052, stack(0x0000000007880000,0x0000000007980000)]

Other Threads:
  0x00000000066e5000 VMThread [stack: 0x0000000007780000,0x0000000007880000] [id=5144]

VM state:at safepoint (normal execution)

VM Mutex/Monitor currently owned by a thread:  ([mutex/lock_event])
[0x0000000002ecc260] Threads_lock - owner thread: 0x00000000066e5000
[0x0000000002ecbb60] Heap_lock - owner thread: 0x0000000002f50800

Heap:
 PSYoungGen      total 108544K, used 78348K [0x00000000eab00000, 0x00000000f2300000, 0x0000000100000000)
  eden space 97280K, 68% used [0x00000000eab00000,0x00000000eec83858,0x00000000f0a00000)
  from space 11264K, 99% used [0x00000000f1600000,0x00000000f20ffa60,0x00000000f2100000)
  to   space 12288K, 0% used [0x00000000f0a00000,0x00000000f0a00000,0x00000000f1600000)
 ParOldGen       total 64512K, used 49046K [0x00000000c0000000, 0x00000000c3f00000, 0x00000000eab00000)
  object space 64512K, 76% used [0x00000000c0000000,0x00000000c2fe5870,0x00000000c3f00000)
 Metaspace       used 6940K, capacity 7672K, committed 7936K, reserved 1056768K
  class space    used 639K, capacity 688K, committed 768K, reserved 1048576K

Card table byte_map: [0x0000000003410000,0x0000000003620000] byte_map_base: 0x0000000002e10000

Marking Bits: (ParMarkBitMap*) 0x0000000067f4d490
 Begin Bits: [0x0000000003b80000, 0x0000000004b80000)
 End Bits:   [0x0000000004b80000, 0x0000000005b80000)

Polling page: 0x00000000012d0000

CodeCache: size=245760Kb used=10157Kb max_used=10168Kb free=235602Kb
 bounds [0x000000000f010000, 0x000000000fa10000, 0x000000001e010000]
 total_blobs=2776 nmethods=2505 adapters=185
 compilation: enabled

Compilation events (10 events):
Event: 8.309 Thread 0x0000000007dd0000 2568   !   2       java.util.zip.Deflater::deflate (140 bytes)
Event: 8.310 Thread 0x0000000007dd0000 nmethod 2568 0x000000000f9f6050 code [0x000000000f9f6200, 0x000000000f9f6788]
Event: 8.320 Thread 0x0000000006778800 nmethod 1823 0x000000000fa00f50 code [0x000000000fa01160, 0x000000000fa021e8]
Event: 8.320 Thread 0x0000000006778800 1851       4       java.io.DataInputStream::readUnsignedShort (39 bytes)
Event: 8.327 Thread 0x0000000006778800 nmethod 1851 0x000000000fa03c50 code [0x000000000fa03de0, 0x000000000fa047d8]
Event: 8.327 Thread 0x0000000006778800 2261       4       com.android.dx.dex.code.LocalSnapshot::<init> (25 bytes)
Event: 8.328 Thread 0x0000000006778800 nmethod 2261 0x000000000f9f5d50 code [0x000000000f9f5ea0, 0x000000000f9f5f78]
Event: 8.328 Thread 0x0000000006778800 1814       4       com.android.dx.rop.code.BasicBlockList::preferredSuccessorOf (77 bytes)
Event: 8.333 Thread 0x0000000006778800 nmethod 1814 0x000000000f9fd450 code [0x000000000f9fd5e0, 0x000000000f9fd8f8]
Event: 8.333 Thread 0x0000000006778800 1817       4       com.android.dx.dex.code.RopTranslator::outputBlock (202 bytes)

GC Heap History (10 events):
Event: 4.193 GC heap before
{Heap before GC invocations=4 (full 0):
 PSYoungGen      total 28160K, used 28160K [0x00000000eab00000, 0x00000000ee200000, 0x0000000100000000)
  eden space 24576K, 100% used [0x00000000eab00000,0x00000000ec300000,0x00000000ec300000)
  from space 3584K, 100% used [0x00000000ec300000,0x00000000ec680000,0x00000000ec680000)
  to   space 3584K, 0% used [0x00000000ede80000,0x00000000ede80000,0x00000000ee200000)
 ParOldGen       total 64512K, used 9423K [0x00000000c0000000, 0x00000000c3f00000, 0x00000000eab00000)
  object space 64512K, 14% used [0x00000000c0000000,0x00000000c0933fc8,0x00000000c3f00000)
 Metaspace       used 5953K, capacity 7088K, committed 7296K, reserved 1056768K
  class space    used 561K, capacity 616K, committed 640K, reserved 1048576K
Event: 4.214 GC heap after
Heap after GC invocations=4 (full 0):
 PSYoungGen      total 52736K, used 3559K [0x00000000eab00000, 0x00000000ee200000, 0x0000000100000000)
  eden space 49152K, 0% used [0x00000000eab00000,0x00000000eab00000,0x00000000edb00000)
  from space 3584K, 99% used [0x00000000ede80000,0x00000000ee1f9c20,0x00000000ee200000)
  to   space 3584K, 0% used [0x00000000edb00000,0x00000000edb00000,0x00000000ede80000)
 ParOldGen       total 64512K, used 13352K [0x00000000c0000000, 0x00000000c3f00000, 0x00000000eab00000)
  object space 64512K, 20% used [0x00000000c0000000,0x00000000c0d0a218,0x00000000c3f00000)
 Metaspace       used 5953K, capacity 7088K, committed 7296K, reserved 1056768K
  class space    used 561K, capacity 616K, committed 640K, reserved 1048576K
}
Event: 4.607 GC heap before
{Heap before GC invocations=5 (full 0):
 PSYoungGen      total 52736K, used 52711K [0x00000000eab00000, 0x00000000ee200000, 0x0000000100000000)
  eden space 49152K, 100% used [0x00000000eab00000,0x00000000edb00000,0x00000000edb00000)
  from space 3584K, 99% used [0x00000000ede80000,0x00000000ee1f9c20,0x00000000ee200000)
  to   space 3584K, 0% used [0x00000000edb00000,0x00000000edb00000,0x00000000ede80000)
 ParOldGen       total 64512K, used 13352K [0x00000000c0000000, 0x00000000c3f00000, 0x00000000eab00000)
  object space 64512K, 20% used [0x00000000c0000000,0x00000000c0d0a218,0x00000000c3f00000)
 Metaspace       used 6059K, capacity 7088K, committed 7296K, reserved 1056768K
  class space    used 580K, capacity 616K, committed 640K, reserved 1048576K
Event: 4.638 GC heap after
Heap after GC invocations=5 (full 0):
 PSYoungGen      total 52736K, used 3573K [0x00000000eab00000, 0x00000000f2100000, 0x0000000100000000)
  eden space 49152K, 0% used [0x00000000eab00000,0x00000000eab00000,0x00000000edb00000)
  from space 3584K, 99% used [0x00000000edb00000,0x00000000ede7d678,0x00000000ede80000)
  to   space 11264K, 0% used [0x00000000f1600000,0x00000000f1600000,0x00000000f2100000)
 ParOldGen       total 64512K, used 20569K [0x00000000c0000000, 0x00000000c3f00000, 0x00000000eab00000)
  object space 64512K, 31% used [0x00000000c0000000,0x00000000c14166b8,0x00000000c3f00000)
 Metaspace       used 6059K, capacity 7088K, committed 7296K, reserved 1056768K
  class space    used 580K, capacity 616K, committed 640K, reserved 1048576K
}
Event: 5.054 GC heap before
{Heap before GC invocations=6 (full 0):
 PSYoungGen      total 52736K, used 52725K [0x00000000eab00000, 0x00000000f2100000, 0x0000000100000000)
  eden space 49152K, 100% used [0x00000000eab00000,0x00000000edb00000,0x00000000edb00000)
  from space 3584K, 99% used [0x00000000edb00000,0x00000000ede7d678,0x00000000ede80000)
  to   space 11264K, 0% used [0x00000000f1600000,0x00000000f1600000,0x00000000f2100000)
 ParOldGen       total 64512K, used 20569K [0x00000000c0000000, 0x00000000c3f00000, 0x00000000eab00000)
  object space 64512K, 31% used [0x00000000c0000000,0x00000000c14166b8,0x00000000c3f00000)
 Metaspace       used 6094K, capacity 7152K, committed 7296K, reserved 1056768K
  class space    used 580K, capacity 616K, committed 640K, reserved 1048576K
Event: 5.071 GC heap after
Heap after GC invocations=6 (full 0):
 PSYoungGen      total 108544K, used 10586K [0x00000000eab00000, 0x00000000f2300000, 0x0000000100000000)
  eden space 97280K, 0% used [0x00000000eab00000,0x00000000eab00000,0x00000000f0a00000)
  from space 11264K, 93% used [0x00000000f1600000,0x00000000f2056bc8,0x00000000f2100000)
  to   space 12288K, 0% used [0x00000000f0a00000,0x00000000f0a00000,0x00000000f1600000)
 ParOldGen       total 64512K, used 20569K [0x00000000c0000000, 0x00000000c3f00000, 0x00000000eab00000)
  object space 64512K, 31% used [0x00000000c0000000,0x00000000c14166b8,0x00000000c3f00000)
 Metaspace       used 6094K, capacity 7152K, committed 7296K, reserved 1056768K
  class space    used 580K, capacity 616K, committed 640K, reserved 1048576K
}
Event: 6.418 GC heap before
{Heap before GC invocations=7 (full 0):
 PSYoungGen      total 108544K, used 107866K [0x00000000eab00000, 0x00000000f2300000, 0x0000000100000000)
  eden space 97280K, 100% used [0x00000000eab00000,0x00000000f0a00000,0x00000000f0a00000)
  from space 11264K, 93% used [0x00000000f1600000,0x00000000f2056bc8,0x00000000f2100000)
  to   space 12288K, 0% used [0x00000000f0a00000,0x00000000f0a00000,0x00000000f1600000)
 ParOldGen       total 64512K, used 20569K [0x00000000c0000000, 0x00000000c3f00000, 0x00000000eab00000)
  object space 64512K, 31% used [0x00000000c0000000,0x00000000c14166b8,0x00000000c3f00000)
 Metaspace       used 6112K, capacity 7152K, committed 7296K, reserved 1056768K
  class space    used 580K, capacity 616K, committed 640K, reserved 1048576K
Event: 6.469 GC heap after
Heap after GC invocations=7 (full 0):
 PSYoungGen      total 109568K, used 12275K [0x00000000eab00000, 0x00000000f2300000, 0x0000000100000000)
  eden space 97280K, 0% used [0x00000000eab00000,0x00000000eab00000,0x00000000f0a00000)
  from space 12288K, 99% used [0x00000000f0a00000,0x00000000f15fce50,0x00000000f1600000)
  to   space 11264K, 0% used [0x00000000f1600000,0x00000000f1600000,0x00000000f2100000)
 ParOldGen       total 64512K, used 33871K [0x00000000c0000000, 0x00000000c3f00000, 0x00000000eab00000)
  object space 64512K, 52% used [0x00000000c0000000,0x00000000c2113e18,0x00000000c3f00000)
 Metaspace       used 6112K, capacity 7152K, committed 7296K, reserved 1056768K
  class space    used 580K, capacity 616K, committed 640K, reserved 1048576K
}
Event: 7.089 GC heap before
{Heap before GC invocations=8 (full 0):
 PSYoungGen      total 109568K, used 109555K [0x00000000eab00000, 0x00000000f2300000, 0x0000000100000000)
  eden space 97280K, 100% used [0x00000000eab00000,0x00000000f0a00000,0x00000000f0a00000)
  from space 12288K, 99% used [0x00000000f0a00000,0x00000000f15fce50,0x00000000f1600000)
  to   space 11264K, 0% used [0x00000000f1600000,0x00000000f1600000,0x00000000f2100000)
 ParOldGen       total 64512K, used 33871K [0x00000000c0000000, 0x00000000c3f00000, 0x00000000eab00000)
  object space 64512K, 52% used [0x00000000c0000000,0x00000000c2113e18,0x00000000c3f00000)
 Metaspace       used 6129K, capacity 7152K, committed 7296K, reserved 1056768K
  class space    used 580K, capacity 616K, committed 640K, reserved 1048576K
Event: 7.151 GC heap after
Heap after GC invocations=8 (full 0):
 PSYoungGen      total 108544K, used 11262K [0x00000000eab00000, 0x00000000f2300000, 0x0000000100000000)
  eden space 97280K, 0% used [0x00000000eab00000,0x00000000eab00000,0x00000000f0a00000)
  from space 11264K, 99% used [0x00000000f1600000,0x00000000f20ffa60,0x00000000f2100000)
  to   space 12288K, 0% used [0x00000000f0a00000,0x00000000f0a00000,0x00000000f1600000)
 ParOldGen       total 64512K, used 49046K [0x00000000c0000000, 0x00000000c3f00000, 0x00000000eab00000)
  object space 64512K, 76% used [0x00000000c0000000,0x00000000c2fe5870,0x00000000c3f00000)
 Metaspace       used 6129K, capacity 7152K, committed 7296K, reserved 1056768K
  class space    used 580K, capacity 616K, committed 640K, reserved 1048576K
}

Deoptimization events (10 events):
Event: 7.370 Thread 0x0000000002f50800 Uncommon trap: reason=class_check action=maybe_recompile pc=0x000000000f5ad764 method=java.util.Arrays.hashCode([Ljava/lang/Object;)I @ 43
Event: 7.370 Thread 0x0000000002f50800 Uncommon trap: reason=class_check action=maybe_recompile pc=0x000000000f5ad764 method=java.util.Arrays.hashCode([Ljava/lang/Object;)I @ 43
Event: 7.370 Thread 0x0000000002f50800 Uncommon trap: reason=class_check action=maybe_recompile pc=0x000000000f59c388 method=java.util.Arrays.hashCode([Ljava/lang/Object;)I @ 43
Event: 8.222 Thread 0x0000000002f50800 Uncommon trap: reason=unreached action=reinterpret pc=0x000000000f37ff68 method=java.util.Arrays.copyOf([Ljava/lang/Object;ILjava/lang/Class;)[Ljava/lang/Object; @ 3
Event: 8.224 Thread 0x0000000002f50800 Uncommon trap: reason=speculate_class_check action=maybe_recompile pc=0x000000000f89f914 method=java.util.HashMap.putVal(ILjava/lang/Object;Ljava/lang/Object;ZZ)Ljava/lang/Object; @ 56
Event: 8.224 Thread 0x0000000002f50800 Uncommon trap: reason=speculate_class_check action=maybe_recompile pc=0x000000000f89f968 method=java.util.HashMap.putVal(ILjava/lang/Object;Ljava/lang/Object;ZZ)Ljava/lang/Object; @ 152
Event: 8.225 Thread 0x0000000002f50800 Uncommon trap: reason=speculate_class_check action=maybe_recompile pc=0x000000000f89f914 method=java.util.HashMap.putVal(ILjava/lang/Object;Ljava/lang/Object;ZZ)Ljava/lang/Object; @ 56
Event: 8.225 Thread 0x0000000002f50800 Uncommon trap: reason=speculate_class_check action=maybe_recompile pc=0x000000000f89f914 method=java.util.HashMap.putVal(ILjava/lang/Object;Ljava/lang/Object;ZZ)Ljava/lang/Object; @ 56
Event: 8.225 Thread 0x0000000002f50800 Uncommon trap: reason=class_check action=maybe_recompile pc=0x000000000f6d8930 method=java.util.HashMap.putVal(ILjava/lang/Object;Ljava/lang/Object;ZZ)Ljava/lang/Object; @ 56
Event: 8.225 Thread 0x0000000002f50800 Uncommon trap: reason=class_check action=maybe_recompile pc=0x000000000f6d8930 method=java.util.HashMap.putVal(ILjava/lang/Object;Ljava/lang/Object;ZZ)Ljava/lang/Object; @ 56

Internal exceptions (10 events):
Event: 7.614 Thread 0x0000000002f50800 Exception <a 'java/security/PrivilegedActionException'> (0x00000000ed564a30) thrown at [D:\re\workspace\8-2-build-windows-amd64-cygwin\jdk8u25\1677\hotspot\src\share\vm\prims\jvm.cpp, line 1312]
Event: 7.615 Thread 0x0000000002f50800 Exception <a 'java/security/PrivilegedActionException'> (0x00000000ed568490) thrown at [D:\re\workspace\8-2-build-windows-amd64-cygwin\jdk8u25\1677\hotspot\src\share\vm\prims\jvm.cpp, line 1312]
Event: 7.625 Thread 0x0000000002f50800 Exception <a 'java/security/PrivilegedActionException'> (0x00000000ed5898c0) thrown at [D:\re\workspace\8-2-build-windows-amd64-cygwin\jdk8u25\1677\hotspot\src\share\vm\prims\jvm.cpp, line 1312]
Event: 7.936 Thread 0x0000000002f50800 Exception <a 'java/security/PrivilegedActionException'> (0x00000000ee122b48) thrown at [D:\re\workspace\8-2-build-windows-amd64-cygwin\jdk8u25\1677\hotspot\src\share\vm\prims\jvm.cpp, line 1312]
Event: 7.953 Thread 0x0000000002f50800 Exception <a 'java/security/PrivilegedActionException'> (0x00000000ee12edb0) thrown at [D:\re\workspace\8-2-build-windows-amd64-cygwin\jdk8u25\1677\hotspot\src\share\vm\prims\jvm.cpp, line 1312]
Event: 7.954 Thread 0x0000000002f50800 Exception <a 'java/security/PrivilegedActionException'> (0x00000000ee131f60) thrown at [D:\re\workspace\8-2-build-windows-amd64-cygwin\jdk8u25\1677\hotspot\src\share\vm\prims\jvm.cpp, line 1312]
Event: 8.002 Thread 0x0000000002f50800 Exception <a 'java/security/PrivilegedActionException'> (0x00000000ee82e140) thrown at [D:\re\workspace\8-2-build-windows-amd64-cygwin\jdk8u25\1677\hotspot\src\share\vm\prims\jvm.cpp, line 1312]
Event: 8.028 Thread 0x0000000002f50800 Exception <a 'java/security/PrivilegedActionException'> (0x00000000ee9f5728) thrown at [D:\re\workspace\8-2-build-windows-amd64-cygwin\jdk8u25\1677\hotspot\src\share\vm\prims\jvm.cpp, line 1312]
Event: 8.040 Thread 0x0000000002f50800 Exception <a 'java/security/PrivilegedActionException'> (0x00000000eeac2ad8) thrown at [D:\re\workspace\8-2-build-windows-amd64-cygwin\jdk8u25\1677\hotspot\src\share\vm\prims\jvm.cpp, line 1312]
Event: 8.153 Thread 0x0000000002f50800 Exception <a 'java/security/PrivilegedActionException'> (0x00000000eeac9550) thrown at [D:\re\workspace\8-2-build-windows-amd64-cygwin\jdk8u25\1677\hotspot\src\share\vm\prims\jvm.cpp, line 1312]

Events (10 events):
Event: 8.333 loading class java/io/FileOutputStream$1
Event: 8.333 loading class java/io/FileOutputStream$1 done
Event: 8.335 Thread 0x0000000002f50800 Thread exited: 0x0000000002f50800
Event: 8.335 Thread 0x0000000002f50800 Thread added: 0x0000000002f50800
Event: 8.335 loading class java/lang/Shutdown
Event: 8.335 loading class java/lang/Shutdown done
Event: 8.335 loading class java/lang/Shutdown$Lock
Event: 8.335 loading class java/lang/Shutdown$Lock done
Event: 8.335 Thread 0x0000000006717000 Thread exited: 0x0000000006717000
Event: 8.336 Thread 0x0000000002f50800 Thread exited: 0x0000000002f50800


Dynamic libraries:
0x00007ff60dd10000 - 0x00007ff60dd44000 	D:\Programming\JAVA\jdk\bin\java.exe
0x00007ffda3660000 - 0x00007ffda3809000 	C:\Windows\SYSTEM32\ntdll.dll
0x00007ffda1180000 - 0x00007ffda12b9000 	C:\Windows\system32\KERNEL32.DLL
0x00007ffda0b50000 - 0x00007ffda0c5e000 	C:\Windows\system32\KERNELBASE.dll
0x00007ffda2f50000 - 0x00007ffda2ff5000 	C:\Windows\system32\ADVAPI32.dll
0x00007ffda2a50000 - 0x00007ffda2bc1000 	C:\Windows\system32\USER32.dll
0x00007ffd9eba0000 - 0x00007ffd9edfa000 	C:\Windows\WinSxS\amd64_microsoft.windows.common-controls_6595b64144ccf1df_6.0.9600.16384_none_62475f7becb72503\COMCTL32.dll
0x00007ffda14a0000 - 0x00007ffda1547000 	C:\Windows\system32\msvcrt.dll
0x00007ffda3250000 - 0x00007ffda32a7000 	C:\Windows\SYSTEM32\sechost.dll
0x00007ffda2e10000 - 0x00007ffda2f46000 	C:\Windows\system32\RPCRT4.dll
0x00007ffda32b0000 - 0x00007ffda33f5000 	C:\Windows\system32\GDI32.dll
0x00007ffda2be0000 - 0x00007ffda2c14000 	C:\Windows\system32\IMM32.DLL
0x00007ffda2cd0000 - 0x00007ffda2e09000 	C:\Windows\system32\MSCTF.dll
0x00007ffda09a0000 - 0x00007ffda09cf000 	C:\Windows\system32\nvinitx.dll
0x000000000f000000 - 0x000000000f006000 	C:\Program Files\NVIDIA Corporation\CoProcManager\_etoured.dll
0x00007ffd9ea70000 - 0x00007ffd9eaa3000 	C:\Program Files\NVIDIA Corporation\CoProcManager\nvd3d9wrapx.dll
0x00007ffda0ef0000 - 0x00007ffda10c6000 	C:\Windows\system32\SETUPAPI.dll
0x00007ffda0b00000 - 0x00007ffda0b4a000 	C:\Windows\system32\CFGMGR32.dll
0x00007ffd9ea40000 - 0x00007ffd9ea63000 	C:\Program Files\NVIDIA Corporation\CoProcManager\nvdxgiwrapx.dll
0x0000000067210000 - 0x00000000672e2000 	D:\Programming\JAVA\jdk\jre\bin\msvcr100.dll
0x0000000067770000 - 0x0000000067fca000 	D:\Programming\JAVA\jdk\jre\bin\server\jvm.dll
0x00007ffd99cf0000 - 0x00007ffd99cf9000 	C:\Windows\SYSTEM32\WSOCK32.dll
0x00007ffd9e5a0000 - 0x00007ffd9e5bf000 	C:\Windows\SYSTEM32\WINMM.dll
0x00007ffda10d0000 - 0x00007ffda10d7000 	C:\Windows\system32\PSAPI.DLL
0x00007ffda29f0000 - 0x00007ffda2a48000 	C:\Windows\system32\WS2_32.dll
0x00007ffd9e060000 - 0x00007ffd9e08a000 	C:\Windows\SYSTEM32\WINMMBASE.dll
0x00007ffda2bd0000 - 0x00007ffda2bd9000 	C:\Windows\system32\NSI.dll
0x00007ffd9f830000 - 0x00007ffd9f856000 	C:\Windows\SYSTEM32\DEVOBJ.dll
0x0000000067680000 - 0x000000006768f000 	D:\Programming\JAVA\jdk\jre\bin\verify.dll
0x0000000067650000 - 0x0000000067678000 	D:\Programming\JAVA\jdk\jre\bin\java.dll
0x0000000067630000 - 0x0000000067646000 	D:\Programming\JAVA\jdk\jre\bin\zip.dll
0x00007ffda1570000 - 0x00007ffda297d000 	C:\Windows\system32\SHELL32.dll
0x00007ffda12c0000 - 0x00007ffda1497000 	C:\Windows\SYSTEM32\combase.dll
0x00007ffda35a0000 - 0x00007ffda35f1000 	C:\Windows\system32\SHLWAPI.dll
0x00007ffd9f5a0000 - 0x00007ffd9f641000 	C:\Windows\SYSTEM32\SHCORE.dll
0x00007ffda09e0000 - 0x00007ffda09f4000 	C:\Windows\SYSTEM32\profapi.dll
0x00007ffd8d4a0000 - 0x00007ffd8d628000 	C:\Windows\SYSTEM32\dbghelp.dll

VM Arguments:
jvm_args: -Xmx1024M -Dfile.encoding=GBK -Duser.country=CN -Duser.language=zh -Duser.variant 
java_command: com.android.dx.command.Main --dex --output E:\MyAndroid\RssReader\app\build\intermediates\pre-dexed\debug\classes-14f68c21e9690911411a5946d2dcf823cbc995c9.jar E:\MyAndroid\RssReader\app\build\intermediates\exploded-aar\com.android.support\support-v4\22.1.1\jars\classes.jar
java_class_path (initial): D:\Programming\Android\android-sdk_r24.0.2-windows\android-sdk-windows\build-tools\22.0.1\lib\dx.jar
Launcher Type: SUN_STANDARD

Environment Variables:
JAVA_HOME=D:\Programming\JAVA\jdk
CLASSPATH=.;D:\Programming\JAVA\jdk\lib\dt.jar;D:\Programming\JAVA\jdk\lib\tools.jar
PATH=D:\Programming\JAVA\jdk\bin;C:\Windows/system32;C:\Windows;C:\Windows/System32/Wbem;D:\Programming\SVN\Subversion\bin;D:\Programming\SVN\TortoiseSVN\bin;C:\Windows\system32;C:\Windows\system32\wbem;D:\Programming\Git\msysgit\Git\bin;D:\Programming\nodejs\;C:\Users\Administrator\AppData\Roaming\npm
USERNAME=xwh
OS=Windows_NT
PROCESSOR_IDENTIFIER=Intel64 Family 6 Model 58 Stepping 9, GenuineIntel



---------------  S Y S T E M  ---------------

OS: Windows 8.1 , 64 bit Build 9600 

CPU:total 4 (2 cores per cpu, 2 threads per core) family 6 model 58 stepping 9, cmov, cx8, fxsr, mmx, sse, sse2, sse3, ssse3, sse4.1, sse4.2, popcnt, avx, aes, clmul, erms, ht, tsc, tscinvbit, tscinv

Memory: 4k page, physical 6151556k(1067144k free), swap 6151556k(54464k free)

vm_info: Java HotSpot(TM) 64-Bit Server VM (25.25-b02) for windows-amd64 JRE (1.8.0_25-b18), built on Oct  7 2014 14:25:37 by "java_re" with MS VC++ 10.0 (VS2010)

time: Sun Jun 07 14:02:20 2015
elapsed time: 12 seconds (0d 0h 0m 12s)

